[2019-06-06 17:17:49,657] [9] [INFO ] Request starting HTTP/1.1 GET https://localhost:5001/  
[2019-06-06 17:17:49,973] [9] [INFO ] Route matched with {action = "Index", controller = "Home"}. Executing action Middleware.Controllers.HomeController.Index (Middleware)
[2019-06-06 17:17:49,989] [9] [INFO ] Executed action Middleware.Controllers.HomeController.Index (Middleware) in 8.9254ms
[2019-06-06 17:17:50,693] [9] [ERROR] An unhandled exception has occurred while executing the request.
System.InvalidOperationException: Unable to resolve service for type 'Microsoft.AspNetCore.Http.ISession' while attempting to activate 'Middleware.Controllers.HomeController'.
   at Microsoft.Extensions.DependencyInjection.ActivatorUtilities.GetService(IServiceProvider sp, Type type, Type requiredBy, Boolean isDefaultParameterRequired)
   at lambda_method(Closure , IServiceProvider , Object[] )
   at Microsoft.AspNetCore.Mvc.Controllers.ControllerActivatorProvider.<>c__DisplayClass4_0.<CreateActivator>b__0(ControllerContext controllerContext)
   at Microsoft.AspNetCore.Mvc.Controllers.ControllerFactoryProvider.<>c__DisplayClass5_0.<CreateControllerFactory>g__CreateController|0(ControllerContext controllerContext)
   at Microsoft.AspNetCore.Mvc.Internal.ControllerActionInvoker.Next(State& next, Scope& scope, Object& state, Boolean& isCompleted)
   at Microsoft.AspNetCore.Mvc.Internal.ControllerActionInvoker.InvokeInnerFilterAsync()
   at Microsoft.AspNetCore.Mvc.Internal.ResourceInvoker.InvokeNextResourceFilter()
   at Microsoft.AspNetCore.Mvc.Internal.ResourceInvoker.Rethrow(ResourceExecutedContext context)
   at Microsoft.AspNetCore.Mvc.Internal.ResourceInvoker.Next(State& next, Scope& scope, Object& state, Boolean& isCompleted)
   at Microsoft.AspNetCore.Mvc.Internal.ResourceInvoker.InvokeFilterPipelineAsync()
   at Microsoft.AspNetCore.Mvc.Internal.ResourceInvoker.InvokeAsync()
   at Microsoft.AspNetCore.Builder.RouterMiddleware.Invoke(HttpContext httpContext)
   at Middleware.MiddlewareExtension.AuthCustomMiddleware.Invoke(HttpContext context) in I:\Work\PersonProject\Github\DemoTest\Middleware\MiddlewareExtension\AuthCustomMiddleware.cs:line 50
   at Middleware.MiddlewareExtension.ContentCustomMiddleware.Invoke(HttpContext context) in I:\Work\PersonProject\Github\DemoTest\Middleware\MiddlewareExtension\ContentCustomMiddleware.cs:line 25
   at Middleware.MiddlewareExtension.RequestIpScoreMiddleware.Invoke(HttpContext context) in I:\Work\PersonProject\Github\DemoTest\Middleware\MiddlewareExtension\RequestIpScoreMiddleware.cs:line 35
   at Microsoft.AspNetCore.StaticFiles.StaticFileMiddleware.Invoke(HttpContext context)
   at Microsoft.AspNetCore.StaticFiles.StaticFileMiddleware.Invoke(HttpContext context)
   at Microsoft.AspNetCore.Diagnostics.DeveloperExceptionPageMiddleware.Invoke(HttpContext context)
[2019-06-06 17:17:50,795] [9] [INFO ] Request finished in 1130.0241ms 500 text/html; charset=utf-8
