[2019-06-05 10:10:49,962] [10] [DEBUG] Failed to authenticate HTTPS connection.
System.IO.IOException: Authentication failed because the remote party has closed the transport stream.
   at System.Net.Security.SslState.StartReadFrame(Byte[] buffer, Int32 readBytes, AsyncProtocolRequest asyncRequest)
   at System.Net.Security.SslState.StartReceiveBlob(Byte[] buffer, AsyncProtocolRequest asyncRequest)
   at System.Net.Security.SslState.ForceAuthentication(Boolean receiveFirst, Byte[] buffer, AsyncProtocolRequest asyncRequest)
   at System.Net.Security.SslState.ProcessAuthentication(LazyAsyncResult lazyResult)
   at System.Net.Security.SslStream.BeginAuthenticateAsServer(SslServerAuthenticationOptions sslServerAuthenticationOptions, CancellationToken cancellationToken, AsyncCallback asyncCallback, Object asyncState)
   at System.Net.Security.SslStream.<>c.<AuthenticateAsServerAsync>b__51_0(SslServerAuthenticationOptions arg1, CancellationToken arg2, AsyncCallback callback, Object state)
   at System.Threading.Tasks.TaskFactory`1.FromAsyncImpl[TArg1,TArg2](Func`5 beginMethod, Func`2 endFunction, Action`1 endAction, TArg1 arg1, TArg2 arg2, Object state, TaskCreationOptions creationOptions)
   at System.Threading.Tasks.TaskFactory.FromAsync[TArg1,TArg2](Func`5 beginMethod, Action`1 endMethod, TArg1 arg1, TArg2 arg2, Object state, TaskCreationOptions creationOptions)
   at System.Threading.Tasks.TaskFactory.FromAsync[TArg1,TArg2](Func`5 beginMethod, Action`1 endMethod, TArg1 arg1, TArg2 arg2, Object state)
   at System.Net.Security.SslStream.AuthenticateAsServerAsync(SslServerAuthenticationOptions sslServerAuthenticationOptions, CancellationToken cancellationToken)
   at Microsoft.AspNetCore.Server.Kestrel.Https.Internal.HttpsConnectionAdapter.InnerOnConnectionAsync(ConnectionAdapterContext context)
[2019-06-05 10:10:49,962] [7] [DEBUG] Failed to authenticate HTTPS connection.
System.IO.IOException: Authentication failed because the remote party has closed the transport stream.
   at System.Net.Security.SslState.StartReadFrame(Byte[] buffer, Int32 readBytes, AsyncProtocolRequest asyncRequest)
   at System.Net.Security.SslState.StartReceiveBlob(Byte[] buffer, AsyncProtocolRequest asyncRequest)
   at System.Net.Security.SslState.ForceAuthentication(Boolean receiveFirst, Byte[] buffer, AsyncProtocolRequest asyncRequest)
   at System.Net.Security.SslState.ProcessAuthentication(LazyAsyncResult lazyResult)
   at System.Net.Security.SslStream.BeginAuthenticateAsServer(SslServerAuthenticationOptions sslServerAuthenticationOptions, CancellationToken cancellationToken, AsyncCallback asyncCallback, Object asyncState)
   at System.Net.Security.SslStream.<>c.<AuthenticateAsServerAsync>b__51_0(SslServerAuthenticationOptions arg1, CancellationToken arg2, AsyncCallback callback, Object state)
   at System.Threading.Tasks.TaskFactory`1.FromAsyncImpl[TArg1,TArg2](Func`5 beginMethod, Func`2 endFunction, Action`1 endAction, TArg1 arg1, TArg2 arg2, Object state, TaskCreationOptions creationOptions)
   at System.Threading.Tasks.TaskFactory.FromAsync[TArg1,TArg2](Func`5 beginMethod, Action`1 endMethod, TArg1 arg1, TArg2 arg2, Object state, TaskCreationOptions creationOptions)
   at System.Threading.Tasks.TaskFactory.FromAsync[TArg1,TArg2](Func`5 beginMethod, Action`1 endMethod, TArg1 arg1, TArg2 arg2, Object state)
   at System.Net.Security.SslStream.AuthenticateAsServerAsync(SslServerAuthenticationOptions sslServerAuthenticationOptions, CancellationToken cancellationToken)
   at Microsoft.AspNetCore.Server.Kestrel.Https.Internal.HttpsConnectionAdapter.InnerOnConnectionAsync(ConnectionAdapterContext context)
[2019-06-05 10:10:51,884] [8] [DEBUG] Failed to authenticate HTTPS connection.
System.Security.Authentication.AuthenticationException: Authentication failed, see inner exception. ---> System.ComponentModel.Win32Exception: 处理证书时，出现了一个未知错误。
   --- End of inner exception stack trace ---
   at System.Net.Security.SslState.StartSendAuthResetSignal(ProtocolToken message, AsyncProtocolRequest asyncRequest, ExceptionDispatchInfo exception)
   at System.Net.Security.SslState.CheckCompletionBeforeNextReceive(ProtocolToken message, AsyncProtocolRequest asyncRequest)
   at System.Net.Security.SslState.StartSendBlob(Byte[] incoming, Int32 count, AsyncProtocolRequest asyncRequest)
   at System.Net.Security.SslState.ProcessReceivedBlob(Byte[] buffer, Int32 count, AsyncProtocolRequest asyncRequest)
   at System.Net.Security.SslState.StartReadFrame(Byte[] buffer, Int32 readBytes, AsyncProtocolRequest asyncRequest)
   at System.Net.Security.SslState.PartialFrameCallback(AsyncProtocolRequest asyncRequest)
--- End of stack trace from previous location where exception was thrown ---
   at System.Net.Security.SslState.ThrowIfExceptional()
   at System.Net.Security.SslState.InternalEndProcessAuthentication(LazyAsyncResult lazyResult)
   at System.Net.Security.SslState.EndProcessAuthentication(IAsyncResult result)
   at System.Net.Security.SslStream.EndAuthenticateAsServer(IAsyncResult asyncResult)
   at System.Net.Security.SslStream.<>c.<AuthenticateAsServerAsync>b__51_1(IAsyncResult iar)
   at System.Threading.Tasks.TaskFactory`1.FromAsyncCoreLogic(IAsyncResult iar, Func`2 endFunction, Action`1 endAction, Task`1 promise, Boolean requiresSynchronization)
--- End of stack trace from previous location where exception was thrown ---
   at Microsoft.AspNetCore.Server.Kestrel.Https.Internal.HttpsConnectionAdapter.InnerOnConnectionAsync(ConnectionAdapterContext context)
[2019-06-05 10:10:51,897] [11] [DEBUG] Failed to authenticate HTTPS connection.
System.Security.Authentication.AuthenticationException: Authentication failed, see inner exception. ---> System.ComponentModel.Win32Exception: 处理证书时，出现了一个未知错误。
   --- End of inner exception stack trace ---
   at System.Net.Security.SslState.StartSendAuthResetSignal(ProtocolToken message, AsyncProtocolRequest asyncRequest, ExceptionDispatchInfo exception)
   at System.Net.Security.SslState.CheckCompletionBeforeNextReceive(ProtocolToken message, AsyncProtocolRequest asyncRequest)
   at System.Net.Security.SslState.StartSendBlob(Byte[] incoming, Int32 count, AsyncProtocolRequest asyncRequest)
   at System.Net.Security.SslState.ProcessReceivedBlob(Byte[] buffer, Int32 count, AsyncProtocolRequest asyncRequest)
   at System.Net.Security.SslState.StartReadFrame(Byte[] buffer, Int32 readBytes, AsyncProtocolRequest asyncRequest)
   at System.Net.Security.SslState.PartialFrameCallback(AsyncProtocolRequest asyncRequest)
--- End of stack trace from previous location where exception was thrown ---
   at System.Net.Security.SslState.ThrowIfExceptional()
   at System.Net.Security.SslState.InternalEndProcessAuthentication(LazyAsyncResult lazyResult)
   at System.Net.Security.SslState.EndProcessAuthentication(IAsyncResult result)
   at System.Net.Security.SslStream.EndAuthenticateAsServer(IAsyncResult asyncResult)
   at System.Net.Security.SslStream.<>c.<AuthenticateAsServerAsync>b__51_1(IAsyncResult iar)
   at System.Threading.Tasks.TaskFactory`1.FromAsyncCoreLogic(IAsyncResult iar, Func`2 endFunction, Action`1 endAction, Task`1 promise, Boolean requiresSynchronization)
--- End of stack trace from previous location where exception was thrown ---
   at Microsoft.AspNetCore.Server.Kestrel.Https.Internal.HttpsConnectionAdapter.InnerOnConnectionAsync(ConnectionAdapterContext context)
[2019-06-05 10:10:51,990] [10] [INFO ] Request starting HTTP/1.1 GET https://localhost:5001/  
[2019-06-05 10:10:52,323] [10] [INFO ] Route matched with {action = "Index", controller = "Home"}. Executing action Middleware.Controllers.HomeController.Index (Middleware)
[2019-06-05 10:10:52,345] [10] [INFO ] Executing action method Middleware.Controllers.HomeController.Index (Middleware) - Validation state: Valid
[2019-06-05 10:10:54,619] [10] [DEBUG] localhost:5001
[2019-06-05 10:10:54,621] [10] [DEBUG] 这里是首页
[2019-06-05 10:10:54,624] [10] [ERROR] 首页出现了异常
[2019-06-05 10:10:54,630] [10] [INFO ] Executed action method Middleware.Controllers.HomeController.Index (Middleware), returned result Microsoft.AspNetCore.Mvc.ViewResult in 2279.7288ms.
[2019-06-05 10:10:54,661] [10] [INFO ] Executing ViewResult, running view Index.
[2019-06-05 10:10:54,807] [10] [INFO ] Executed ViewResult - view Index executed in 165.975ms.
[2019-06-05 10:10:54,810] [10] [INFO ] Executed action Middleware.Controllers.HomeController.Index (Middleware) in 2484.0552ms
[2019-06-05 10:10:54,841] [10] [INFO ] Request finished in 2837.3548ms 200 text/html; charset=utf-8
[2019-06-05 10:10:54,864] [11] [DEBUG] Failed to authenticate HTTPS connection.
System.Security.Authentication.AuthenticationException: Authentication failed, see inner exception. ---> System.ComponentModel.Win32Exception: 处理证书时，出现了一个未知错误。
   --- End of inner exception stack trace ---
   at System.Net.Security.SslState.StartSendAuthResetSignal(ProtocolToken message, AsyncProtocolRequest asyncRequest, ExceptionDispatchInfo exception)
   at System.Net.Security.SslState.CheckCompletionBeforeNextReceive(ProtocolToken message, AsyncProtocolRequest asyncRequest)
   at System.Net.Security.SslState.StartSendBlob(Byte[] incoming, Int32 count, AsyncProtocolRequest asyncRequest)
   at System.Net.Security.SslState.ProcessReceivedBlob(Byte[] buffer, Int32 count, AsyncProtocolRequest asyncRequest)
   at System.Net.Security.SslState.StartReadFrame(Byte[] buffer, Int32 readBytes, AsyncProtocolRequest asyncRequest)
   at System.Net.Security.SslState.PartialFrameCallback(AsyncProtocolRequest asyncRequest)
--- End of stack trace from previous location where exception was thrown ---
   at System.Net.Security.SslState.ThrowIfExceptional()
   at System.Net.Security.SslState.InternalEndProcessAuthentication(LazyAsyncResult lazyResult)
   at System.Net.Security.SslState.EndProcessAuthentication(IAsyncResult result)
   at System.Net.Security.SslStream.EndAuthenticateAsServer(IAsyncResult asyncResult)
   at System.Net.Security.SslStream.<>c.<AuthenticateAsServerAsync>b__51_1(IAsyncResult iar)
   at System.Threading.Tasks.TaskFactory`1.FromAsyncCoreLogic(IAsyncResult iar, Func`2 endFunction, Action`1 endAction, Task`1 promise, Boolean requiresSynchronization)
--- End of stack trace from previous location where exception was thrown ---
   at Microsoft.AspNetCore.Server.Kestrel.Https.Internal.HttpsConnectionAdapter.InnerOnConnectionAsync(ConnectionAdapterContext context)
[2019-06-05 10:10:54,867] [7] [DEBUG] Failed to authenticate HTTPS connection.
System.Security.Authentication.AuthenticationException: Authentication failed, see inner exception. ---> System.ComponentModel.Win32Exception: 处理证书时，出现了一个未知错误。
   --- End of inner exception stack trace ---
   at System.Net.Security.SslState.StartSendAuthResetSignal(ProtocolToken message, AsyncProtocolRequest asyncRequest, ExceptionDispatchInfo exception)
   at System.Net.Security.SslState.CheckCompletionBeforeNextReceive(ProtocolToken message, AsyncProtocolRequest asyncRequest)
   at System.Net.Security.SslState.StartSendBlob(Byte[] incoming, Int32 count, AsyncProtocolRequest asyncRequest)
   at System.Net.Security.SslState.ProcessReceivedBlob(Byte[] buffer, Int32 count, AsyncProtocolRequest asyncRequest)
   at System.Net.Security.SslState.StartReadFrame(Byte[] buffer, Int32 readBytes, AsyncProtocolRequest asyncRequest)
   at System.Net.Security.SslState.PartialFrameCallback(AsyncProtocolRequest asyncRequest)
--- End of stack trace from previous location where exception was thrown ---
   at System.Net.Security.SslState.ThrowIfExceptional()
   at System.Net.Security.SslState.InternalEndProcessAuthentication(LazyAsyncResult lazyResult)
   at System.Net.Security.SslState.EndProcessAuthentication(IAsyncResult result)
   at System.Net.Security.SslStream.EndAuthenticateAsServer(IAsyncResult asyncResult)
   at System.Net.Security.SslStream.<>c.<AuthenticateAsServerAsync>b__51_1(IAsyncResult iar)
   at System.Threading.Tasks.TaskFactory`1.FromAsyncCoreLogic(IAsyncResult iar, Func`2 endFunction, Action`1 endAction, Task`1 promise, Boolean requiresSynchronization)
--- End of stack trace from previous location where exception was thrown ---
   at Microsoft.AspNetCore.Server.Kestrel.Https.Internal.HttpsConnectionAdapter.InnerOnConnectionAsync(ConnectionAdapterContext context)
[2019-06-05 10:10:54,879] [8] [DEBUG] Failed to authenticate HTTPS connection.
System.Security.Authentication.AuthenticationException: Authentication failed, see inner exception. ---> System.ComponentModel.Win32Exception: 处理证书时，出现了一个未知错误。
   --- End of inner exception stack trace ---
   at System.Net.Security.SslState.StartSendAuthResetSignal(ProtocolToken message, AsyncProtocolRequest asyncRequest, ExceptionDispatchInfo exception)
   at System.Net.Security.SslState.CheckCompletionBeforeNextReceive(ProtocolToken message, AsyncProtocolRequest asyncRequest)
   at System.Net.Security.SslState.StartSendBlob(Byte[] incoming, Int32 count, AsyncProtocolRequest asyncRequest)
   at System.Net.Security.SslState.ProcessReceivedBlob(Byte[] buffer, Int32 count, AsyncProtocolRequest asyncRequest)
   at System.Net.Security.SslState.StartReadFrame(Byte[] buffer, Int32 readBytes, AsyncProtocolRequest asyncRequest)
   at System.Net.Security.SslState.PartialFrameCallback(AsyncProtocolRequest asyncRequest)
--- End of stack trace from previous location where exception was thrown ---
   at System.Net.Security.SslState.ThrowIfExceptional()
   at System.Net.Security.SslState.InternalEndProcessAuthentication(LazyAsyncResult lazyResult)
   at System.Net.Security.SslState.EndProcessAuthentication(IAsyncResult result)
   at System.Net.Security.SslStream.EndAuthenticateAsServer(IAsyncResult asyncResult)
   at System.Net.Security.SslStream.<>c.<AuthenticateAsServerAsync>b__51_1(IAsyncResult iar)
   at System.Threading.Tasks.TaskFactory`1.FromAsyncCoreLogic(IAsyncResult iar, Func`2 endFunction, Action`1 endAction, Task`1 promise, Boolean requiresSynchronization)
--- End of stack trace from previous location where exception was thrown ---
   at Microsoft.AspNetCore.Server.Kestrel.Https.Internal.HttpsConnectionAdapter.InnerOnConnectionAsync(ConnectionAdapterContext context)
[2019-06-05 10:10:54,882] [7] [INFO ] Request starting HTTP/1.1 GET https://localhost:5001/lib/bootstrap/dist/css/bootstrap.css  
[2019-06-05 10:10:54,883] [10] [INFO ] Request starting HTTP/1.1 GET https://localhost:5001/css/site.css  
[2019-06-05 10:10:54,885] [11] [INFO ] Request starting HTTP/1.1 GET https://localhost:5001/images/banner1.svg  
[2019-06-05 10:10:54,894] [8] [INFO ] Request starting HTTP/1.1 GET https://localhost:5001/images/banner2.svg  
[2019-06-05 10:10:54,904] [11] [INFO ] Sending file. Request path: '/images/banner1.svg'. Physical path: 'I:\Work\PersonProject\Github\DemoTest\Middleware\wwwroot\images\banner1.svg'
[2019-06-05 10:10:54,906] [8] [INFO ] Sending file. Request path: '/images/banner2.svg'. Physical path: 'I:\Work\PersonProject\Github\DemoTest\Middleware\wwwroot\images\banner2.svg'
[2019-06-05 10:10:54,910] [8] [INFO ] Request finished in 19.2647ms 200 image/svg+xml
[2019-06-05 10:10:54,911] [11] [INFO ] Request finished in 24.6788ms 200 image/svg+xml
[2019-06-05 10:10:54,928] [10] [INFO ] Sending file. Request path: '/css/site.css'. Physical path: 'I:\Work\PersonProject\Github\DemoTest\Middleware\wwwroot\css\site.css'
[2019-06-05 10:10:54,932] [10] [INFO ] Request finished in 50.722ms 200 text/css
[2019-06-05 10:10:54,951] [10] [INFO ] Sending file. Request path: '/lib/bootstrap/dist/css/bootstrap.css'. Physical path: 'I:\Work\PersonProject\Github\DemoTest\Middleware\wwwroot\lib\bootstrap\dist\css\bootstrap.css'
[2019-06-05 10:10:54,954] [10] [INFO ] Request finished in 78.136ms 200 text/css
[2019-06-05 10:10:55,064] [7] [INFO ] Request starting HTTP/1.1 GET https://localhost:5001/lib/bootstrap/dist/js/bootstrap.js  
[2019-06-05 10:10:55,071] [10] [INFO ] Request starting HTTP/1.1 GET https://localhost:5001/lib/jquery/dist/jquery.js  
[2019-06-05 10:10:55,079] [8] [INFO ] Request starting HTTP/1.1 GET https://localhost:5001/js/site.js?v=4q1jwFhaPaZgr8WAUSrux6hAuh0XDg9kPS3xIVq36I0  
[2019-06-05 10:10:55,083] [11] [INFO ] Request starting HTTP/1.1 GET https://localhost:5001/images/banner3.svg  
[2019-06-05 10:10:55,104] [11] [INFO ] Sending file. Request path: '/images/banner3.svg'. Physical path: 'I:\Work\PersonProject\Github\DemoTest\Middleware\wwwroot\images\banner3.svg'
[2019-06-05 10:10:55,111] [10] [INFO ] Sending file. Request path: '/lib/bootstrap/dist/js/bootstrap.js'. Physical path: 'I:\Work\PersonProject\Github\DemoTest\Middleware\wwwroot\lib\bootstrap\dist\js\bootstrap.js'
[2019-06-05 10:10:55,116] [11] [INFO ] Request finished in 34.7145ms 200 image/svg+xml
[2019-06-05 10:10:55,120] [8] [INFO ] Sending file. Request path: '/lib/jquery/dist/jquery.js'. Physical path: 'I:\Work\PersonProject\Github\DemoTest\Middleware\wwwroot\lib\jquery\dist\jquery.js'
[2019-06-05 10:10:55,124] [10] [INFO ] Request finished in 77.2957ms 200 application/javascript
[2019-06-05 10:10:55,126] [8] [INFO ] Request finished in 78.7725ms 200 application/javascript
[2019-06-05 10:10:55,136] [8] [INFO ] Sending file. Request path: '/js/site.js'. Physical path: 'I:\Work\PersonProject\Github\DemoTest\Middleware\wwwroot\js\site.js'
[2019-06-05 10:10:55,147] [8] [INFO ] Request finished in 71.4863ms 200 application/javascript
[2019-06-05 10:10:55,202] [11] [INFO ] Request starting HTTP/1.1 GET https://localhost:5001/lib/bootstrap/dist/fonts/glyphicons-halflings-regular.woff2  
[2019-06-05 10:10:55,239] [11] [INFO ] Sending file. Request path: '/lib/bootstrap/dist/fonts/glyphicons-halflings-regular.woff2'. Physical path: 'I:\Work\PersonProject\Github\DemoTest\Middleware\wwwroot\lib\bootstrap\dist\fonts\glyphicons-halflings-regular.woff2'
[2019-06-05 10:10:55,248] [11] [INFO ] Request finished in 46.9343ms 200 font/woff2
[2019-06-05 10:18:08,612] [7] [DEBUG] Failed to authenticate HTTPS connection.
System.IO.IOException: Authentication failed because the remote party has closed the transport stream.
   at System.Net.Security.SslState.StartReadFrame(Byte[] buffer, Int32 readBytes, AsyncProtocolRequest asyncRequest)
   at System.Net.Security.SslState.StartReceiveBlob(Byte[] buffer, AsyncProtocolRequest asyncRequest)
   at System.Net.Security.SslState.ForceAuthentication(Boolean receiveFirst, Byte[] buffer, AsyncProtocolRequest asyncRequest)
   at System.Net.Security.SslState.ProcessAuthentication(LazyAsyncResult lazyResult)
   at System.Net.Security.SslStream.BeginAuthenticateAsServer(SslServerAuthenticationOptions sslServerAuthenticationOptions, CancellationToken cancellationToken, AsyncCallback asyncCallback, Object asyncState)
   at System.Net.Security.SslStream.<>c.<AuthenticateAsServerAsync>b__51_0(SslServerAuthenticationOptions arg1, CancellationToken arg2, AsyncCallback callback, Object state)
   at System.Threading.Tasks.TaskFactory`1.FromAsyncImpl[TArg1,TArg2](Func`5 beginMethod, Func`2 endFunction, Action`1 endAction, TArg1 arg1, TArg2 arg2, Object state, TaskCreationOptions creationOptions)
   at System.Threading.Tasks.TaskFactory.FromAsync[TArg1,TArg2](Func`5 beginMethod, Action`1 endMethod, TArg1 arg1, TArg2 arg2, Object state, TaskCreationOptions creationOptions)
   at System.Threading.Tasks.TaskFactory.FromAsync[TArg1,TArg2](Func`5 beginMethod, Action`1 endMethod, TArg1 arg1, TArg2 arg2, Object state)
   at System.Net.Security.SslStream.AuthenticateAsServerAsync(SslServerAuthenticationOptions sslServerAuthenticationOptions, CancellationToken cancellationToken)
   at Microsoft.AspNetCore.Server.Kestrel.Https.Internal.HttpsConnectionAdapter.InnerOnConnectionAsync(ConnectionAdapterContext context)
[2019-06-05 10:18:08,613] [10] [DEBUG] Failed to authenticate HTTPS connection.
System.IO.IOException: Authentication failed because the remote party has closed the transport stream.
   at System.Net.Security.SslState.StartReadFrame(Byte[] buffer, Int32 readBytes, AsyncProtocolRequest asyncRequest)
   at System.Net.Security.SslState.StartReceiveBlob(Byte[] buffer, AsyncProtocolRequest asyncRequest)
   at System.Net.Security.SslState.ForceAuthentication(Boolean receiveFirst, Byte[] buffer, AsyncProtocolRequest asyncRequest)
   at System.Net.Security.SslState.ProcessAuthentication(LazyAsyncResult lazyResult)
   at System.Net.Security.SslStream.BeginAuthenticateAsServer(SslServerAuthenticationOptions sslServerAuthenticationOptions, CancellationToken cancellationToken, AsyncCallback asyncCallback, Object asyncState)
   at System.Net.Security.SslStream.<>c.<AuthenticateAsServerAsync>b__51_0(SslServerAuthenticationOptions arg1, CancellationToken arg2, AsyncCallback callback, Object state)
   at System.Threading.Tasks.TaskFactory`1.FromAsyncImpl[TArg1,TArg2](Func`5 beginMethod, Func`2 endFunction, Action`1 endAction, TArg1 arg1, TArg2 arg2, Object state, TaskCreationOptions creationOptions)
   at System.Threading.Tasks.TaskFactory.FromAsync[TArg1,TArg2](Func`5 beginMethod, Action`1 endMethod, TArg1 arg1, TArg2 arg2, Object state, TaskCreationOptions creationOptions)
   at System.Threading.Tasks.TaskFactory.FromAsync[TArg1,TArg2](Func`5 beginMethod, Action`1 endMethod, TArg1 arg1, TArg2 arg2, Object state)
   at System.Net.Security.SslStream.AuthenticateAsServerAsync(SslServerAuthenticationOptions sslServerAuthenticationOptions, CancellationToken cancellationToken)
   at Microsoft.AspNetCore.Server.Kestrel.Https.Internal.HttpsConnectionAdapter.InnerOnConnectionAsync(ConnectionAdapterContext context)
[2019-06-05 10:18:10,353] [8] [DEBUG] Failed to authenticate HTTPS connection.
System.Security.Authentication.AuthenticationException: Authentication failed, see inner exception. ---> System.ComponentModel.Win32Exception: 处理证书时，出现了一个未知错误。
   --- End of inner exception stack trace ---
   at System.Net.Security.SslState.StartSendAuthResetSignal(ProtocolToken message, AsyncProtocolRequest asyncRequest, ExceptionDispatchInfo exception)
   at System.Net.Security.SslState.CheckCompletionBeforeNextReceive(ProtocolToken message, AsyncProtocolRequest asyncRequest)
   at System.Net.Security.SslState.StartSendBlob(Byte[] incoming, Int32 count, AsyncProtocolRequest asyncRequest)
   at System.Net.Security.SslState.ProcessReceivedBlob(Byte[] buffer, Int32 count, AsyncProtocolRequest asyncRequest)
   at System.Net.Security.SslState.StartReadFrame(Byte[] buffer, Int32 readBytes, AsyncProtocolRequest asyncRequest)
   at System.Net.Security.SslState.PartialFrameCallback(AsyncProtocolRequest asyncRequest)
--- End of stack trace from previous location where exception was thrown ---
   at System.Net.Security.SslState.ThrowIfExceptional()
   at System.Net.Security.SslState.InternalEndProcessAuthentication(LazyAsyncResult lazyResult)
   at System.Net.Security.SslState.EndProcessAuthentication(IAsyncResult result)
   at System.Net.Security.SslStream.EndAuthenticateAsServer(IAsyncResult asyncResult)
   at System.Net.Security.SslStream.<>c.<AuthenticateAsServerAsync>b__51_1(IAsyncResult iar)
   at System.Threading.Tasks.TaskFactory`1.FromAsyncCoreLogic(IAsyncResult iar, Func`2 endFunction, Action`1 endAction, Task`1 promise, Boolean requiresSynchronization)
--- End of stack trace from previous location where exception was thrown ---
   at Microsoft.AspNetCore.Server.Kestrel.Https.Internal.HttpsConnectionAdapter.InnerOnConnectionAsync(ConnectionAdapterContext context)
[2019-06-05 10:18:10,374] [11] [DEBUG] Failed to authenticate HTTPS connection.
System.Security.Authentication.AuthenticationException: Authentication failed, see inner exception. ---> System.ComponentModel.Win32Exception: 处理证书时，出现了一个未知错误。
   --- End of inner exception stack trace ---
   at System.Net.Security.SslState.StartSendAuthResetSignal(ProtocolToken message, AsyncProtocolRequest asyncRequest, ExceptionDispatchInfo exception)
   at System.Net.Security.SslState.CheckCompletionBeforeNextReceive(ProtocolToken message, AsyncProtocolRequest asyncRequest)
   at System.Net.Security.SslState.StartSendBlob(Byte[] incoming, Int32 count, AsyncProtocolRequest asyncRequest)
   at System.Net.Security.SslState.ProcessReceivedBlob(Byte[] buffer, Int32 count, AsyncProtocolRequest asyncRequest)
   at System.Net.Security.SslState.StartReadFrame(Byte[] buffer, Int32 readBytes, AsyncProtocolRequest asyncRequest)
   at System.Net.Security.SslState.PartialFrameCallback(AsyncProtocolRequest asyncRequest)
--- End of stack trace from previous location where exception was thrown ---
   at System.Net.Security.SslState.ThrowIfExceptional()
   at System.Net.Security.SslState.InternalEndProcessAuthentication(LazyAsyncResult lazyResult)
   at System.Net.Security.SslState.EndProcessAuthentication(IAsyncResult result)
   at System.Net.Security.SslStream.EndAuthenticateAsServer(IAsyncResult asyncResult)
   at System.Net.Security.SslStream.<>c.<AuthenticateAsServerAsync>b__51_1(IAsyncResult iar)
   at System.Threading.Tasks.TaskFactory`1.FromAsyncCoreLogic(IAsyncResult iar, Func`2 endFunction, Action`1 endAction, Task`1 promise, Boolean requiresSynchronization)
--- End of stack trace from previous location where exception was thrown ---
   at Microsoft.AspNetCore.Server.Kestrel.Https.Internal.HttpsConnectionAdapter.InnerOnConnectionAsync(ConnectionAdapterContext context)
[2019-06-05 10:18:10,464] [14] [INFO ] Request starting HTTP/1.1 GET https://localhost:5001/  
[2019-06-05 10:18:10,946] [14] [INFO ] Route matched with {action = "Index", controller = "Home"}. Executing action Middleware.Controllers.HomeController.Index (Middleware)
[2019-06-05 10:18:10,971] [14] [INFO ] Executing action method Middleware.Controllers.HomeController.Index (Middleware) - Validation state: Valid
[2019-06-05 10:18:10,976] [14] [DEBUG] localhost:5001
[2019-06-05 10:18:10,978] [14] [DEBUG] 这里是首页
[2019-06-05 10:18:10,981] [14] [INFO ] 首页出现了异常
[2019-06-05 10:18:10,991] [14] [INFO ] Executed action method Middleware.Controllers.HomeController.Index (Middleware), returned result Microsoft.AspNetCore.Mvc.ViewResult in 11.3069ms.
[2019-06-05 10:18:11,046] [14] [INFO ] Executing ViewResult, running view Index.
[2019-06-05 10:18:11,208] [14] [INFO ] Executed ViewResult - view Index executed in 204.6308ms.
[2019-06-05 10:18:11,211] [14] [INFO ] Executed action Middleware.Controllers.HomeController.Index (Middleware) in 262.8567ms
[2019-06-05 10:18:11,260] [14] [INFO ] Request finished in 776.2224ms 200 text/html; charset=utf-8
[2019-06-05 10:18:11,271] [8] [DEBUG] Failed to authenticate HTTPS connection.
System.Security.Authentication.AuthenticationException: Authentication failed, see inner exception. ---> System.ComponentModel.Win32Exception: 处理证书时，出现了一个未知错误。
   --- End of inner exception stack trace ---
   at System.Net.Security.SslState.StartSendAuthResetSignal(ProtocolToken message, AsyncProtocolRequest asyncRequest, ExceptionDispatchInfo exception)
   at System.Net.Security.SslState.CheckCompletionBeforeNextReceive(ProtocolToken message, AsyncProtocolRequest asyncRequest)
   at System.Net.Security.SslState.StartSendBlob(Byte[] incoming, Int32 count, AsyncProtocolRequest asyncRequest)
   at System.Net.Security.SslState.ProcessReceivedBlob(Byte[] buffer, Int32 count, AsyncProtocolRequest asyncRequest)
   at System.Net.Security.SslState.StartReadFrame(Byte[] buffer, Int32 readBytes, AsyncProtocolRequest asyncRequest)
   at System.Net.Security.SslState.PartialFrameCallback(AsyncProtocolRequest asyncRequest)
--- End of stack trace from previous location where exception was thrown ---
   at System.Net.Security.SslState.ThrowIfExceptional()
   at System.Net.Security.SslState.InternalEndProcessAuthentication(LazyAsyncResult lazyResult)
   at System.Net.Security.SslState.EndProcessAuthentication(IAsyncResult result)
   at System.Net.Security.SslStream.EndAuthenticateAsServer(IAsyncResult asyncResult)
   at System.Net.Security.SslStream.<>c.<AuthenticateAsServerAsync>b__51_1(IAsyncResult iar)
   at System.Threading.Tasks.TaskFactory`1.FromAsyncCoreLogic(IAsyncResult iar, Func`2 endFunction, Action`1 endAction, Task`1 promise, Boolean requiresSynchronization)
--- End of stack trace from previous location where exception was thrown ---
   at Microsoft.AspNetCore.Server.Kestrel.Https.Internal.HttpsConnectionAdapter.InnerOnConnectionAsync(ConnectionAdapterContext context)
[2019-06-05 10:18:11,273] [10] [DEBUG] Failed to authenticate HTTPS connection.
System.Security.Authentication.AuthenticationException: Authentication failed, see inner exception. ---> System.ComponentModel.Win32Exception: 处理证书时，出现了一个未知错误。
   --- End of inner exception stack trace ---
   at System.Net.Security.SslState.StartSendAuthResetSignal(ProtocolToken message, AsyncProtocolRequest asyncRequest, ExceptionDispatchInfo exception)
   at System.Net.Security.SslState.CheckCompletionBeforeNextReceive(ProtocolToken message, AsyncProtocolRequest asyncRequest)
   at System.Net.Security.SslState.StartSendBlob(Byte[] incoming, Int32 count, AsyncProtocolRequest asyncRequest)
   at System.Net.Security.SslState.ProcessReceivedBlob(Byte[] buffer, Int32 count, AsyncProtocolRequest asyncRequest)
   at System.Net.Security.SslState.StartReadFrame(Byte[] buffer, Int32 readBytes, AsyncProtocolRequest asyncRequest)
   at System.Net.Security.SslState.PartialFrameCallback(AsyncProtocolRequest asyncRequest)
--- End of stack trace from previous location where exception was thrown ---
   at System.Net.Security.SslState.ThrowIfExceptional()
   at System.Net.Security.SslState.InternalEndProcessAuthentication(LazyAsyncResult lazyResult)
   at System.Net.Security.SslState.EndProcessAuthentication(IAsyncResult result)
   at System.Net.Security.SslStream.EndAuthenticateAsServer(IAsyncResult asyncResult)
   at System.Net.Security.SslStream.<>c.<AuthenticateAsServerAsync>b__51_1(IAsyncResult iar)
   at System.Threading.Tasks.TaskFactory`1.FromAsyncCoreLogic(IAsyncResult iar, Func`2 endFunction, Action`1 endAction, Task`1 promise, Boolean requiresSynchronization)
--- End of stack trace from previous location where exception was thrown ---
   at Microsoft.AspNetCore.Server.Kestrel.Https.Internal.HttpsConnectionAdapter.InnerOnConnectionAsync(ConnectionAdapterContext context)
[2019-06-05 10:18:11,278] [11] [DEBUG] Failed to authenticate HTTPS connection.
System.Security.Authentication.AuthenticationException: Authentication failed, see inner exception. ---> System.ComponentModel.Win32Exception: 处理证书时，出现了一个未知错误。
   --- End of inner exception stack trace ---
   at System.Net.Security.SslState.StartSendAuthResetSignal(ProtocolToken message, AsyncProtocolRequest asyncRequest, ExceptionDispatchInfo exception)
   at System.Net.Security.SslState.CheckCompletionBeforeNextReceive(ProtocolToken message, AsyncProtocolRequest asyncRequest)
   at System.Net.Security.SslState.StartSendBlob(Byte[] incoming, Int32 count, AsyncProtocolRequest asyncRequest)
   at System.Net.Security.SslState.ProcessReceivedBlob(Byte[] buffer, Int32 count, AsyncProtocolRequest asyncRequest)
   at System.Net.Security.SslState.StartReadFrame(Byte[] buffer, Int32 readBytes, AsyncProtocolRequest asyncRequest)
   at System.Net.Security.SslState.PartialFrameCallback(AsyncProtocolRequest asyncRequest)
--- End of stack trace from previous location where exception was thrown ---
   at System.Net.Security.SslState.ThrowIfExceptional()
   at System.Net.Security.SslState.InternalEndProcessAuthentication(LazyAsyncResult lazyResult)
   at System.Net.Security.SslState.EndProcessAuthentication(IAsyncResult result)
   at System.Net.Security.SslStream.EndAuthenticateAsServer(IAsyncResult asyncResult)
   at System.Net.Security.SslStream.<>c.<AuthenticateAsServerAsync>b__51_1(IAsyncResult iar)
   at System.Threading.Tasks.TaskFactory`1.FromAsyncCoreLogic(IAsyncResult iar, Func`2 endFunction, Action`1 endAction, Task`1 promise, Boolean requiresSynchronization)
--- End of stack trace from previous location where exception was thrown ---
   at Microsoft.AspNetCore.Server.Kestrel.Https.Internal.HttpsConnectionAdapter.InnerOnConnectionAsync(ConnectionAdapterContext context)
[2019-06-05 10:18:11,284] [14] [INFO ] Request starting HTTP/1.1 GET https://localhost:5001/lib/bootstrap/dist/css/bootstrap.css  
[2019-06-05 10:18:11,292] [11] [INFO ] Request starting HTTP/1.1 GET https://localhost:5001/images/banner2.svg  
[2019-06-05 10:18:11,298] [8] [INFO ] Request starting HTTP/1.1 GET https://localhost:5001/css/site.css  
[2019-06-05 10:18:11,301] [10] [INFO ] Request starting HTTP/1.1 GET https://localhost:5001/images/banner1.svg  
[2019-06-05 10:18:11,356] [10] [INFO ] Sending file. Request path: '/images/banner1.svg'. Physical path: 'I:\Work\PersonProject\Github\DemoTest\Middleware\wwwroot\images\banner1.svg'
[2019-06-05 10:18:11,360] [8] [INFO ] Sending file. Request path: '/css/site.css'. Physical path: 'I:\Work\PersonProject\Github\DemoTest\Middleware\wwwroot\css\site.css'
[2019-06-05 10:18:11,366] [11] [INFO ] Sending file. Request path: '/images/banner2.svg'. Physical path: 'I:\Work\PersonProject\Github\DemoTest\Middleware\wwwroot\images\banner2.svg'
[2019-06-05 10:18:11,367] [8] [INFO ] Request finished in 73.0355ms 200 text/css
[2019-06-05 10:18:11,377] [10] [INFO ] Request finished in 74.2053ms 200 image/svg+xml
[2019-06-05 10:18:11,379] [11] [INFO ] Request finished in 78.6955ms 200 image/svg+xml
[2019-06-05 10:18:11,382] [14] [INFO ] Sending file. Request path: '/lib/bootstrap/dist/css/bootstrap.css'. Physical path: 'I:\Work\PersonProject\Github\DemoTest\Middleware\wwwroot\lib\bootstrap\dist\css\bootstrap.css'
[2019-06-05 10:18:11,386] [14] [INFO ] Request finished in 121.5479ms 200 text/css
[2019-06-05 10:18:11,477] [10] [INFO ] Request starting HTTP/1.1 GET https://localhost:5001/lib/jquery/dist/jquery.js  
[2019-06-05 10:18:11,479] [8] [INFO ] Request starting HTTP/1.1 GET https://localhost:5001/js/site.js?v=4q1jwFhaPaZgr8WAUSrux6hAuh0XDg9kPS3xIVq36I0  
[2019-06-05 10:18:11,514] [11] [INFO ] Request starting HTTP/1.1 GET https://localhost:5001/lib/bootstrap/dist/js/bootstrap.js  
[2019-06-05 10:18:11,517] [14] [INFO ] Request starting HTTP/1.1 GET https://localhost:5001/images/banner3.svg  
[2019-06-05 10:18:11,541] [8] [INFO ] Sending file. Request path: '/js/site.js'. Physical path: 'I:\Work\PersonProject\Github\DemoTest\Middleware\wwwroot\js\site.js'
[2019-06-05 10:18:11,557] [8] [INFO ] Request finished in 67.2308ms 200 application/javascript
[2019-06-05 10:18:11,565] [10] [INFO ] Sending file. Request path: '/lib/bootstrap/dist/js/bootstrap.js'. Physical path: 'I:\Work\PersonProject\Github\DemoTest\Middleware\wwwroot\lib\bootstrap\dist\js\bootstrap.js'
[2019-06-05 10:18:11,571] [14] [INFO ] Sending file. Request path: '/images/banner3.svg'. Physical path: 'I:\Work\PersonProject\Github\DemoTest\Middleware\wwwroot\images\banner3.svg'
[2019-06-05 10:18:11,578] [10] [INFO ] Request finished in 91.9369ms 200 application/javascript
[2019-06-05 10:18:11,582] [8] [INFO ] Sending file. Request path: '/lib/jquery/dist/jquery.js'. Physical path: 'I:\Work\PersonProject\Github\DemoTest\Middleware\wwwroot\lib\jquery\dist\jquery.js'
[2019-06-05 10:18:11,590] [14] [INFO ] Request finished in 98.0067ms 200 image/svg+xml
[2019-06-05 10:18:11,598] [8] [INFO ] Request finished in 114.5175ms 200 application/javascript
[2019-06-05 10:18:11,663] [8] [INFO ] Request starting HTTP/1.1 GET https://localhost:5001/lib/bootstrap/dist/fonts/glyphicons-halflings-regular.woff2  
[2019-06-05 10:18:11,671] [8] [INFO ] Sending file. Request path: '/lib/bootstrap/dist/fonts/glyphicons-halflings-regular.woff2'. Physical path: 'I:\Work\PersonProject\Github\DemoTest\Middleware\wwwroot\lib\bootstrap\dist\fonts\glyphicons-halflings-regular.woff2'
[2019-06-05 10:18:11,674] [8] [INFO ] Request finished in 20.0796ms 200 font/woff2
[2019-06-05 10:38:05,660] [7] [DEBUG] Failed to authenticate HTTPS connection.
System.Security.Authentication.AuthenticationException: Authentication failed, see inner exception. ---> System.ComponentModel.Win32Exception: 处理证书时，出现了一个未知错误。
   --- End of inner exception stack trace ---
   at System.Net.Security.SslState.StartSendAuthResetSignal(ProtocolToken message, AsyncProtocolRequest asyncRequest, ExceptionDispatchInfo exception)
   at System.Net.Security.SslState.CheckCompletionBeforeNextReceive(ProtocolToken message, AsyncProtocolRequest asyncRequest)
   at System.Net.Security.SslState.StartSendBlob(Byte[] incoming, Int32 count, AsyncProtocolRequest asyncRequest)
   at System.Net.Security.SslState.ProcessReceivedBlob(Byte[] buffer, Int32 count, AsyncProtocolRequest asyncRequest)
   at System.Net.Security.SslState.StartReadFrame(Byte[] buffer, Int32 readBytes, AsyncProtocolRequest asyncRequest)
   at System.Net.Security.SslState.PartialFrameCallback(AsyncProtocolRequest asyncRequest)
--- End of stack trace from previous location where exception was thrown ---
   at System.Net.Security.SslState.ThrowIfExceptional()
   at System.Net.Security.SslState.InternalEndProcessAuthentication(LazyAsyncResult lazyResult)
   at System.Net.Security.SslState.EndProcessAuthentication(IAsyncResult result)
   at System.Net.Security.SslStream.EndAuthenticateAsServer(IAsyncResult asyncResult)
   at System.Net.Security.SslStream.<>c.<AuthenticateAsServerAsync>b__51_1(IAsyncResult iar)
   at System.Threading.Tasks.TaskFactory`1.FromAsyncCoreLogic(IAsyncResult iar, Func`2 endFunction, Action`1 endAction, Task`1 promise, Boolean requiresSynchronization)
--- End of stack trace from previous location where exception was thrown ---
   at Microsoft.AspNetCore.Server.Kestrel.Https.Internal.HttpsConnectionAdapter.InnerOnConnectionAsync(ConnectionAdapterContext context)
[2019-06-05 10:38:05,661] [46] [DEBUG] Failed to authenticate HTTPS connection.
System.Security.Authentication.AuthenticationException: Authentication failed, see inner exception. ---> System.ComponentModel.Win32Exception: 处理证书时，出现了一个未知错误。
   --- End of inner exception stack trace ---
   at System.Net.Security.SslState.StartSendAuthResetSignal(ProtocolToken message, AsyncProtocolRequest asyncRequest, ExceptionDispatchInfo exception)
   at System.Net.Security.SslState.CheckCompletionBeforeNextReceive(ProtocolToken message, AsyncProtocolRequest asyncRequest)
   at System.Net.Security.SslState.StartSendBlob(Byte[] incoming, Int32 count, AsyncProtocolRequest asyncRequest)
   at System.Net.Security.SslState.ProcessReceivedBlob(Byte[] buffer, Int32 count, AsyncProtocolRequest asyncRequest)
   at System.Net.Security.SslState.StartReadFrame(Byte[] buffer, Int32 readBytes, AsyncProtocolRequest asyncRequest)
   at System.Net.Security.SslState.PartialFrameCallback(AsyncProtocolRequest asyncRequest)
--- End of stack trace from previous location where exception was thrown ---
   at System.Net.Security.SslState.ThrowIfExceptional()
   at System.Net.Security.SslState.InternalEndProcessAuthentication(LazyAsyncResult lazyResult)
   at System.Net.Security.SslState.EndProcessAuthentication(IAsyncResult result)
   at System.Net.Security.SslStream.EndAuthenticateAsServer(IAsyncResult asyncResult)
   at System.Net.Security.SslStream.<>c.<AuthenticateAsServerAsync>b__51_1(IAsyncResult iar)
   at System.Threading.Tasks.TaskFactory`1.FromAsyncCoreLogic(IAsyncResult iar, Func`2 endFunction, Action`1 endAction, Task`1 promise, Boolean requiresSynchronization)
--- End of stack trace from previous location where exception was thrown ---
   at Microsoft.AspNetCore.Server.Kestrel.Https.Internal.HttpsConnectionAdapter.InnerOnConnectionAsync(ConnectionAdapterContext context)
[2019-06-05 10:38:05,678] [43] [INFO ] Request starting HTTP/1.1 GET https://localhost:5001/  
[2019-06-05 10:38:05,682] [43] [INFO ] Route matched with {action = "Index", controller = "Home"}. Executing action Middleware.Controllers.HomeController.Index (Middleware)
[2019-06-05 10:38:05,684] [43] [INFO ] Executing action method Middleware.Controllers.HomeController.Index (Middleware) - Validation state: Valid
[2019-06-05 10:38:05,686] [43] [DEBUG] localhost:5001
[2019-06-05 10:38:05,689] [43] [DEBUG] 这里是首页
[2019-06-05 10:38:05,691] [43] [INFO ] 首页出现了异常
[2019-06-05 10:38:05,694] [43] [INFO ] Executed action method Middleware.Controllers.HomeController.Index (Middleware), returned result Microsoft.AspNetCore.Mvc.ViewResult in 7.6294ms.
[2019-06-05 10:38:05,698] [43] [INFO ] Executing ViewResult, running view Index.
[2019-06-05 10:38:05,707] [43] [INFO ] Executed ViewResult - view Index executed in 9.6816ms.
[2019-06-05 10:38:05,709] [43] [INFO ] Executed action Middleware.Controllers.HomeController.Index (Middleware) in 25.3277ms
[2019-06-05 10:38:05,713] [43] [INFO ] Request finished in 33.2352ms 200 text/html; charset=utf-8
[2019-06-05 10:38:05,736] [47] [INFO ] Request starting HTTP/1.1 GET https://localhost:5001/lib/bootstrap/dist/css/bootstrap.css  
[2019-06-05 10:38:05,737] [46] [DEBUG] Failed to authenticate HTTPS connection.
System.Security.Authentication.AuthenticationException: Authentication failed, see inner exception. ---> System.ComponentModel.Win32Exception: 处理证书时，出现了一个未知错误。
   --- End of inner exception stack trace ---
   at System.Net.Security.SslState.StartSendAuthResetSignal(ProtocolToken message, AsyncProtocolRequest asyncRequest, ExceptionDispatchInfo exception)
   at System.Net.Security.SslState.CheckCompletionBeforeNextReceive(ProtocolToken message, AsyncProtocolRequest asyncRequest)
   at System.Net.Security.SslState.StartSendBlob(Byte[] incoming, Int32 count, AsyncProtocolRequest asyncRequest)
   at System.Net.Security.SslState.ProcessReceivedBlob(Byte[] buffer, Int32 count, AsyncProtocolRequest asyncRequest)
   at System.Net.Security.SslState.StartReadFrame(Byte[] buffer, Int32 readBytes, AsyncProtocolRequest asyncRequest)
   at System.Net.Security.SslState.PartialFrameCallback(AsyncProtocolRequest asyncRequest)
--- End of stack trace from previous location where exception was thrown ---
   at System.Net.Security.SslState.ThrowIfExceptional()
   at System.Net.Security.SslState.InternalEndProcessAuthentication(LazyAsyncResult lazyResult)
   at System.Net.Security.SslState.EndProcessAuthentication(IAsyncResult result)
   at System.Net.Security.SslStream.EndAuthenticateAsServer(IAsyncResult asyncResult)
   at System.Net.Security.SslStream.<>c.<AuthenticateAsServerAsync>b__51_1(IAsyncResult iar)
   at System.Threading.Tasks.TaskFactory`1.FromAsyncCoreLogic(IAsyncResult iar, Func`2 endFunction, Action`1 endAction, Task`1 promise, Boolean requiresSynchronization)
--- End of stack trace from previous location where exception was thrown ---
   at Microsoft.AspNetCore.Server.Kestrel.Https.Internal.HttpsConnectionAdapter.InnerOnConnectionAsync(ConnectionAdapterContext context)
[2019-06-05 10:38:05,745] [46] [INFO ] Sending file. Request path: '/lib/bootstrap/dist/css/bootstrap.css'. Physical path: 'I:\Work\PersonProject\Github\DemoTest\Middleware\wwwroot\lib\bootstrap\dist\css\bootstrap.css'
[2019-06-05 10:38:05,753] [47] [INFO ] Request starting HTTP/1.1 GET https://localhost:5001/css/site.css  
[2019-06-05 10:38:05,753] [46] [INFO ] Request finished in 21.4611ms 200 text/css
[2019-06-05 10:38:05,758] [47] [INFO ] Sending file. Request path: '/css/site.css'. Physical path: 'I:\Work\PersonProject\Github\DemoTest\Middleware\wwwroot\css\site.css'
[2019-06-05 10:38:05,761] [47] [INFO ] Request finished in 13.6572ms 200 text/css
[2019-06-05 10:38:05,847] [46] [INFO ] Request starting HTTP/1.1 GET https://localhost:5001/favicon.ico  
[2019-06-05 10:38:05,852] [47] [INFO ] Sending file. Request path: '/favicon.ico'. Physical path: 'I:\Work\PersonProject\Github\DemoTest\Middleware\wwwroot\favicon.ico'
[2019-06-05 10:38:05,855] [47] [INFO ] Request finished in 10.0729ms 200 image/x-icon
[2019-06-05 15:24:09,315] [7] [INFO ] Request starting HTTP/1.1 GET https://localhost:5001/  
[2019-06-05 15:24:09,832] [7] [INFO ] Route matched with {action = "Index", controller = "Home"}. Executing action Middleware.Controllers.HomeController.Index (Middleware)
[2019-06-05 15:24:09,848] [7] [INFO ] Executing action method Middleware.Controllers.HomeController.Index (Middleware) - Validation state: Valid
[2019-06-05 15:24:09,854] [7] [DEBUG] localhost:5001
[2019-06-05 15:24:09,858] [7] [DEBUG] 这里是首页
[2019-06-05 15:24:09,865] [7] [INFO ] 首页出现了异常
[2019-06-05 15:24:09,871] [7] [INFO ] Executed action method Middleware.Controllers.HomeController.Index (Middleware), returned result Microsoft.AspNetCore.Mvc.ViewResult in 18.1253ms.
[2019-06-05 15:24:09,949] [7] [INFO ] Executing ViewResult, running view Index.
[2019-06-05 15:24:10,183] [7] [INFO ] Executed ViewResult - view Index executed in 296.9902ms.
[2019-06-05 15:24:10,189] [7] [INFO ] Executed action Middleware.Controllers.HomeController.Index (Middleware) in 351.6198ms
[2019-06-05 15:24:10,282] [7] [INFO ] Request finished in 973.0603ms 200 text/html; charset=utf-8
[2019-06-05 15:24:10,315] [10] [INFO ] Request starting HTTP/1.1 GET https://localhost:5001/images/banner1.svg  
[2019-06-05 15:24:10,323] [7] [INFO ] Request starting HTTP/1.1 GET https://localhost:5001/css/site.css  
[2019-06-05 15:24:10,333] [8] [INFO ] Request starting HTTP/1.1 GET https://localhost:5001/lib/bootstrap/dist/css/bootstrap.css  
[2019-06-05 15:24:10,335] [11] [INFO ] Request starting HTTP/1.1 GET https://localhost:5001/images/banner2.svg  
[2019-06-05 15:24:10,398] [11] [INFO ] Sending file. Request path: '/images/banner2.svg'. Physical path: 'I:\Work\PersonProject\Github\DemoTest\Middleware\wwwroot\images\banner2.svg'
[2019-06-05 15:24:10,408] [7] [INFO ] Sending file. Request path: '/css/site.css'. Physical path: 'I:\Work\PersonProject\Github\DemoTest\Middleware\wwwroot\css\site.css'
[2019-06-05 15:24:10,413] [10] [INFO ] Sending file. Request path: '/images/banner1.svg'. Physical path: 'I:\Work\PersonProject\Github\DemoTest\Middleware\wwwroot\images\banner1.svg'
[2019-06-05 15:24:10,416] [7] [INFO ] Request finished in 95.8174ms 200 text/css
[2019-06-05 15:24:10,437] [10] [INFO ] Request finished in 104.6603ms 200 image/svg+xml
[2019-06-05 15:24:10,445] [11] [INFO ] Request finished in 86.059ms 200 image/svg+xml
[2019-06-05 15:24:10,494] [11] [INFO ] Sending file. Request path: '/lib/bootstrap/dist/css/bootstrap.css'. Physical path: 'I:\Work\PersonProject\Github\DemoTest\Middleware\wwwroot\lib\bootstrap\dist\css\bootstrap.css'
[2019-06-05 15:24:10,496] [7] [INFO ] Request starting HTTP/1.1 GET https://localhost:5001/lib/jquery/dist/jquery.js  
[2019-06-05 15:24:10,501] [8] [INFO ] Request starting HTTP/1.1 GET https://localhost:5001/lib/bootstrap/dist/js/bootstrap.js  
[2019-06-05 15:24:10,526] [10] [INFO ] Request starting HTTP/1.1 GET https://localhost:5001/images/banner3.svg  
[2019-06-05 15:24:10,535] [7] [INFO ] Request starting HTTP/1.1 GET https://localhost:5001/js/site.js?v=4q1jwFhaPaZgr8WAUSrux6hAuh0XDg9kPS3xIVq36I0  
[2019-06-05 15:24:10,551] [11] [INFO ] Request finished in 184.9792ms 200 text/css
[2019-06-05 15:24:10,562] [8] [INFO ] Sending file. Request path: '/js/site.js'. Physical path: 'I:\Work\PersonProject\Github\DemoTest\Middleware\wwwroot\js\site.js'
[2019-06-05 15:24:10,582] [10] [INFO ] Sending file. Request path: '/lib/bootstrap/dist/js/bootstrap.js'. Physical path: 'I:\Work\PersonProject\Github\DemoTest\Middleware\wwwroot\lib\bootstrap\dist\js\bootstrap.js'
[2019-06-05 15:24:10,590] [8] [INFO ] Request finished in 48.6071ms 200 application/javascript
[2019-06-05 15:24:10,602] [10] [INFO ] Request finished in 89.2469ms 200 application/javascript
[2019-06-05 15:24:10,652] [11] [INFO ] Sending file. Request path: '/images/banner3.svg'. Physical path: 'I:\Work\PersonProject\Github\DemoTest\Middleware\wwwroot\images\banner3.svg'
[2019-06-05 15:24:10,668] [11] [INFO ] Request finished in 161.8398ms 200 image/svg+xml
[2019-06-05 15:24:10,703] [11] [INFO ] Request starting HTTP/1.1 GET https://localhost:5001/lib/bootstrap/dist/fonts/glyphicons-halflings-regular.woff2  
[2019-06-05 15:24:10,715] [11] [INFO ] Sending file. Request path: '/lib/jquery/dist/jquery.js'. Physical path: 'I:\Work\PersonProject\Github\DemoTest\Middleware\wwwroot\lib\jquery\dist\jquery.js'
[2019-06-05 15:24:10,726] [11] [INFO ] Request finished in 223.9172ms 200 application/javascript
[2019-06-05 15:24:10,765] [10] [INFO ] Sending file. Request path: '/lib/bootstrap/dist/fonts/glyphicons-halflings-regular.woff2'. Physical path: 'I:\Work\PersonProject\Github\DemoTest\Middleware\wwwroot\lib\bootstrap\dist\fonts\glyphicons-halflings-regular.woff2'
[2019-06-05 15:24:10,775] [10] [INFO ] Request finished in 96.5648ms 200 font/woff2
[2019-06-05 15:24:41,288] [8] [INFO ] Request starting HTTP/1.1 GET https://localhost:5001/  
[2019-06-05 15:24:41,291] [8] [INFO ] Route matched with {action = "Index", controller = "Home"}. Executing action Middleware.Controllers.HomeController.Index (Middleware)
[2019-06-05 15:24:41,292] [8] [INFO ] Executing action method Middleware.Controllers.HomeController.Index (Middleware) - Validation state: Valid
[2019-06-05 15:24:41,294] [8] [DEBUG] localhost:5001
[2019-06-05 15:24:41,295] [8] [DEBUG] 这里是首页
[2019-06-05 15:24:41,296] [8] [INFO ] 首页出现了异常
[2019-06-05 15:24:41,298] [8] [INFO ] Executed action method Middleware.Controllers.HomeController.Index (Middleware), returned result Microsoft.AspNetCore.Mvc.ViewResult in 3.8843ms.
[2019-06-05 15:24:41,302] [8] [INFO ] Executing ViewResult, running view Index.
[2019-06-05 15:24:41,359] [8] [INFO ] Executed ViewResult - view Index executed in 7.8811ms.
[2019-06-05 15:24:41,383] [8] [INFO ] Executed action Middleware.Controllers.HomeController.Index (Middleware) in 69.4956ms
[2019-06-05 15:24:41,388] [8] [INFO ] Request finished in 96.5495ms 200 text/html; charset=utf-8
[2019-06-05 15:24:41,390] [16] [INFO ] Request starting HTTP/1.1 GET https://localhost:5001/lib/bootstrap/dist/css/bootstrap.css  
[2019-06-05 15:24:41,402] [16] [INFO ] Request starting HTTP/1.1 GET https://localhost:5001/css/site.css  
[2019-06-05 15:24:41,416] [16] [INFO ] Sending file. Request path: '/css/site.css'. Physical path: 'I:\Work\PersonProject\Github\DemoTest\Middleware\wwwroot\css\site.css'
[2019-06-05 15:24:41,421] [7] [INFO ] Sending file. Request path: '/lib/bootstrap/dist/css/bootstrap.css'. Physical path: 'I:\Work\PersonProject\Github\DemoTest\Middleware\wwwroot\lib\bootstrap\dist\css\bootstrap.css'
[2019-06-05 15:24:41,422] [16] [INFO ] Request finished in 21.4581ms 200 text/css
[2019-06-05 15:24:41,431] [7] [INFO ] Request finished in 35.6073ms 200 text/css
[2019-06-05 15:24:42,880] [8] [INFO ] Request starting HTTP/1.1 GET https://localhost:5001/  
[2019-06-05 15:24:42,883] [8] [INFO ] Route matched with {action = "Index", controller = "Home"}. Executing action Middleware.Controllers.HomeController.Index (Middleware)
[2019-06-05 15:24:42,885] [8] [INFO ] Executing action method Middleware.Controllers.HomeController.Index (Middleware) - Validation state: Valid
[2019-06-05 15:24:42,887] [8] [DEBUG] localhost:5001
[2019-06-05 15:24:42,888] [8] [DEBUG] 这里是首页
[2019-06-05 15:24:42,891] [8] [INFO ] 首页出现了异常
[2019-06-05 15:24:42,893] [8] [INFO ] Executed action method Middleware.Controllers.HomeController.Index (Middleware), returned result Microsoft.AspNetCore.Mvc.ViewResult in 5.6293ms.
[2019-06-05 15:24:42,895] [8] [INFO ] Executing ViewResult, running view Index.
[2019-06-05 15:24:42,910] [8] [INFO ] Executed ViewResult - view Index executed in 3.8309ms.
[2019-06-05 15:24:42,913] [8] [INFO ] Executed action Middleware.Controllers.HomeController.Index (Middleware) in 27.3095ms
[2019-06-05 15:24:42,922] [8] [INFO ] Request finished in 45.5381ms 200 text/html; charset=utf-8
[2019-06-05 15:24:42,932] [7] [INFO ] Request starting HTTP/1.1 GET https://localhost:5001/css/site.css  
[2019-06-05 15:24:42,944] [15] [INFO ] Request starting HTTP/1.1 GET https://localhost:5001/lib/bootstrap/dist/css/bootstrap.css  
[2019-06-05 15:24:42,946] [7] [INFO ] Sending file. Request path: '/css/site.css'. Physical path: 'I:\Work\PersonProject\Github\DemoTest\Middleware\wwwroot\css\site.css'
[2019-06-05 15:24:42,950] [7] [INFO ] Request finished in 28.7895ms 200 text/css
[2019-06-05 15:24:42,979] [7] [INFO ] Sending file. Request path: '/lib/bootstrap/dist/css/bootstrap.css'. Physical path: 'I:\Work\PersonProject\Github\DemoTest\Middleware\wwwroot\lib\bootstrap\dist\css\bootstrap.css'
[2019-06-05 15:24:42,981] [7] [INFO ] Request finished in 60.4375ms 200 text/css
[2019-06-05 15:24:43,612] [8] [INFO ] Request starting HTTP/1.1 GET https://localhost:5001/Home/About  
[2019-06-05 15:24:43,620] [8] [INFO ] Route matched with {action = "About", controller = "Home"}. Executing action Middleware.Controllers.HomeController.About (Middleware)
[2019-06-05 15:24:43,624] [8] [INFO ] Executing action method Middleware.Controllers.HomeController.About (Middleware) - Validation state: Valid
[2019-06-05 15:24:43,631] [8] [INFO ] localhost:5001
[2019-06-05 15:24:43,652] [8] [INFO ] Executed action method Middleware.Controllers.HomeController.About (Middleware), returned result Microsoft.AspNetCore.Mvc.ViewResult in 11.5887ms.
[2019-06-05 15:24:43,661] [8] [INFO ] Executing ViewResult, running view About.
[2019-06-05 15:24:43,675] [8] [INFO ] Executed ViewResult - view About executed in 9.5772ms.
[2019-06-05 15:24:43,699] [8] [INFO ] Executed action Middleware.Controllers.HomeController.About (Middleware) in 56.5464ms
[2019-06-05 15:24:43,770] [16] [INFO ] Request starting HTTP/1.1 GET https://localhost:5001/css/site.css  
[2019-06-05 15:24:43,774] [7] [INFO ] Request starting HTTP/1.1 GET https://localhost:5001/lib/bootstrap/dist/css/bootstrap.css  
[2019-06-05 15:24:43,775] [8] [INFO ] Request finished in 115.5493ms 200 text/html; charset=utf-8
[2019-06-05 15:24:43,784] [8] [INFO ] Sending file. Request path: '/css/site.css'. Physical path: 'I:\Work\PersonProject\Github\DemoTest\Middleware\wwwroot\css\site.css'
[2019-06-05 15:24:43,796] [8] [INFO ] Request finished in 87.5347ms 200 text/css
[2019-06-05 15:24:43,851] [19] [INFO ] Sending file. Request path: '/lib/bootstrap/dist/css/bootstrap.css'. Physical path: 'I:\Work\PersonProject\Github\DemoTest\Middleware\wwwroot\lib\bootstrap\dist\css\bootstrap.css'
[2019-06-05 15:24:43,853] [19] [INFO ] Request finished in 154.2054ms 200 text/css
[2019-06-05 15:24:45,417] [8] [INFO ] Request starting HTTP/1.1 GET https://localhost:5001/Home/Contact  
[2019-06-05 15:24:45,424] [8] [INFO ] Route matched with {action = "Contact", controller = "Home"}. Executing action Middleware.Controllers.HomeController.Contact (Middleware)
[2019-06-05 15:24:45,427] [8] [INFO ] Executing action method Middleware.Controllers.HomeController.Contact (Middleware) - Validation state: Valid
[2019-06-05 15:24:45,430] [8] [INFO ] Executed action method Middleware.Controllers.HomeController.Contact (Middleware), returned result Microsoft.AspNetCore.Mvc.ViewResult in 0.3309ms.
[2019-06-05 15:24:45,437] [8] [INFO ] Executing ViewResult, running view Contact.
[2019-06-05 15:24:45,449] [8] [INFO ] Executed ViewResult - view Contact executed in 14.9396ms.
[2019-06-05 15:24:45,460] [8] [INFO ] Executed action Middleware.Controllers.HomeController.Contact (Middleware) in 25.2173ms
[2019-06-05 15:24:45,481] [8] [INFO ] Request finished in 45.6727ms 200 text/html; charset=utf-8
[2019-06-05 15:24:45,483] [7] [INFO ] Request starting HTTP/1.1 GET https://localhost:5001/css/site.css  
[2019-06-05 15:24:45,491] [8] [INFO ] Request starting HTTP/1.1 GET https://localhost:5001/lib/bootstrap/dist/css/bootstrap.css  
[2019-06-05 15:24:45,494] [7] [INFO ] Sending file. Request path: '/css/site.css'. Physical path: 'I:\Work\PersonProject\Github\DemoTest\Middleware\wwwroot\css\site.css'
[2019-06-05 15:24:45,498] [7] [INFO ] Request finished in 14.0459ms 200 text/css
[2019-06-05 15:24:45,510] [8] [INFO ] Sending file. Request path: '/lib/bootstrap/dist/css/bootstrap.css'. Physical path: 'I:\Work\PersonProject\Github\DemoTest\Middleware\wwwroot\lib\bootstrap\dist\css\bootstrap.css'
[2019-06-05 15:24:45,514] [8] [INFO ] Request finished in 27.2034ms 200 text/css
[2019-06-05 15:24:49,673] [8] [INFO ] Request starting HTTP/1.1 GET https://localhost:5001/Home/About  
[2019-06-05 15:24:49,676] [8] [INFO ] Route matched with {action = "About", controller = "Home"}. Executing action Middleware.Controllers.HomeController.About (Middleware)
[2019-06-05 15:24:49,683] [8] [INFO ] Executing action method Middleware.Controllers.HomeController.About (Middleware) - Validation state: Valid
[2019-06-05 15:24:49,692] [8] [INFO ] localhost:5001
[2019-06-05 15:24:49,713] [8] [INFO ] Executed action method Middleware.Controllers.HomeController.About (Middleware), returned result Microsoft.AspNetCore.Mvc.ViewResult in 28.1463ms.
[2019-06-05 15:24:49,715] [8] [INFO ] Executing ViewResult, running view About.
[2019-06-05 15:24:49,721] [8] [INFO ] Executed ViewResult - view About executed in 2.846ms.
[2019-06-05 15:24:49,729] [8] [INFO ] Executed action Middleware.Controllers.HomeController.About (Middleware) in 48.5727ms
[2019-06-05 15:24:49,737] [8] [INFO ] Request finished in 60.113ms 200 text/html; charset=utf-8
[2019-06-05 15:24:49,759] [21] [INFO ] Request starting HTTP/1.1 GET https://localhost:5001/lib/bootstrap/dist/css/bootstrap.css  
[2019-06-05 15:24:49,761] [19] [INFO ] Request starting HTTP/1.1 GET https://localhost:5001/css/site.css  
[2019-06-05 15:24:49,765] [22] [INFO ] Sending file. Request path: '/css/site.css'. Physical path: 'I:\Work\PersonProject\Github\DemoTest\Middleware\wwwroot\css\site.css'
[2019-06-05 15:24:49,777] [22] [INFO ] Request finished in 7.2134ms 200 text/css
[2019-06-05 15:24:49,780] [23] [INFO ] Sending file. Request path: '/lib/bootstrap/dist/css/bootstrap.css'. Physical path: 'I:\Work\PersonProject\Github\DemoTest\Middleware\wwwroot\lib\bootstrap\dist\css\bootstrap.css'
[2019-06-05 15:24:49,791] [23] [INFO ] Request finished in 33.0441ms 200 text/css
[2019-06-05 15:31:51,815] [10] [INFO ] Request starting HTTP/1.1 GET https://localhost:5001/  
[2019-06-05 15:31:52,252] [10] [INFO ] Route matched with {action = "Index", controller = "Home"}. Executing action Middleware.Controllers.HomeController.Index (Middleware)
[2019-06-05 15:31:52,275] [10] [INFO ] Executed action Middleware.Controllers.HomeController.Index (Middleware) in 17.7459ms
[2019-06-05 15:31:53,523] [10] [ERROR] An unhandled exception has occurred while executing the request.
System.InvalidOperationException: Unable to resolve service for type 'ModuleCommon.IOptionService' while attempting to activate 'Middleware.Controllers.HomeController'.
   at Microsoft.Extensions.DependencyInjection.ActivatorUtilities.GetService(IServiceProvider sp, Type type, Type requiredBy, Boolean isDefaultParameterRequired)
   at lambda_method(Closure , IServiceProvider , Object[] )
   at Microsoft.AspNetCore.Mvc.Controllers.ControllerActivatorProvider.<>c__DisplayClass4_0.<CreateActivator>b__0(ControllerContext controllerContext)
   at Microsoft.AspNetCore.Mvc.Controllers.ControllerFactoryProvider.<>c__DisplayClass5_0.<CreateControllerFactory>g__CreateController|0(ControllerContext controllerContext)
   at Microsoft.AspNetCore.Mvc.Internal.ControllerActionInvoker.Next(State& next, Scope& scope, Object& state, Boolean& isCompleted)
   at Microsoft.AspNetCore.Mvc.Internal.ControllerActionInvoker.InvokeInnerFilterAsync()
   at Microsoft.AspNetCore.Mvc.Internal.ResourceInvoker.InvokeNextResourceFilter()
   at Microsoft.AspNetCore.Mvc.Internal.ResourceInvoker.Rethrow(ResourceExecutedContext context)
   at Microsoft.AspNetCore.Mvc.Internal.ResourceInvoker.Next(State& next, Scope& scope, Object& state, Boolean& isCompleted)
   at Microsoft.AspNetCore.Mvc.Internal.ResourceInvoker.InvokeFilterPipelineAsync()
   at Microsoft.AspNetCore.Mvc.Internal.ResourceInvoker.InvokeAsync()
   at Microsoft.AspNetCore.Builder.RouterMiddleware.Invoke(HttpContext httpContext)
   at Middleware.MiddlewareExtension.AuthCustomMiddleware.Invoke(HttpContext context) in I:\Work\PersonProject\Github\DemoTest\Middleware\MiddlewareExtension\AuthCustomMiddleware.cs:line 50
   at Middleware.MiddlewareExtension.ContentCustomMiddleware.Invoke(HttpContext context) in I:\Work\PersonProject\Github\DemoTest\Middleware\MiddlewareExtension\ContentCustomMiddleware.cs:line 25
   at Middleware.MiddlewareExtension.RequestIpScoreMiddleware.Invoke(HttpContext context) in I:\Work\PersonProject\Github\DemoTest\Middleware\MiddlewareExtension\RequestIpScoreMiddleware.cs:line 35
   at Microsoft.AspNetCore.StaticFiles.StaticFileMiddleware.Invoke(HttpContext context)
   at Microsoft.AspNetCore.StaticFiles.StaticFileMiddleware.Invoke(HttpContext context)
   at Microsoft.AspNetCore.Diagnostics.DeveloperExceptionPageMiddleware.Invoke(HttpContext context)
[2019-06-05 15:31:53,650] [10] [INFO ] Request finished in 1831.0853ms 500 text/html; charset=utf-8
[2019-06-05 15:35:54,728] [8] [INFO ] Request starting HTTP/1.1 GET https://localhost:5001/  
[2019-06-05 15:35:55,089] [8] [INFO ] Route matched with {action = "Index", controller = "Home"}. Executing action Middleware.Controllers.HomeController.Index (Middleware)
[2019-06-05 15:35:55,118] [8] [INFO ] Executing action method Middleware.Controllers.HomeController.Index (Middleware) - Validation state: Valid
[2019-06-05 15:35:55,131] [8] [DEBUG] localhost:5001
[2019-06-05 15:35:55,136] [8] [DEBUG] 这里是首页
[2019-06-05 15:35:55,141] [8] [INFO ] 首页出现了异常
[2019-06-05 15:35:55,147] [8] [ERROR] ddd
[2019-06-05 15:35:55,153] [8] [INFO ] Executed action method Middleware.Controllers.HomeController.Index (Middleware), returned result Microsoft.AspNetCore.Mvc.ViewResult in 29.137ms.
[2019-06-05 15:35:55,233] [8] [INFO ] Executing ViewResult, running view Index.
[2019-06-05 15:35:55,397] [8] [INFO ] Executed ViewResult - view Index executed in 223.527ms.
[2019-06-05 15:35:55,401] [8] [INFO ] Executed action Middleware.Controllers.HomeController.Index (Middleware) in 306.8067ms
[2019-06-05 15:35:55,492] [11] [INFO ] Request starting HTTP/1.1 GET https://localhost:5001/css/site.css  
[2019-06-05 15:35:55,494] [9] [INFO ] Request starting HTTP/1.1 GET https://localhost:5001/images/banner1.svg  
[2019-06-05 15:35:55,495] [8] [INFO ] Request finished in 776.3341ms 200 text/html; charset=utf-8
[2019-06-05 15:35:55,502] [8] [INFO ] Request starting HTTP/1.1 GET https://localhost:5001/lib/bootstrap/dist/css/bootstrap.css  
[2019-06-05 15:35:55,510] [10] [INFO ] Request starting HTTP/1.1 GET https://localhost:5001/images/banner2.svg  
[2019-06-05 15:35:55,540] [11] [INFO ] Sending file. Request path: '/css/site.css'. Physical path: 'I:\Work\PersonProject\Github\DemoTest\Middleware\wwwroot\css\site.css'
[2019-06-05 15:35:55,559] [7] [INFO ] Sending file. Request path: '/images/banner1.svg'. Physical path: 'I:\Work\PersonProject\Github\DemoTest\Middleware\wwwroot\images\banner1.svg'
[2019-06-05 15:35:55,568] [10] [INFO ] Sending file. Request path: '/images/banner2.svg'. Physical path: 'I:\Work\PersonProject\Github\DemoTest\Middleware\wwwroot\images\banner2.svg'
[2019-06-05 15:35:55,573] [7] [INFO ] Request finished in 70.1005ms 200 image/svg+xml
[2019-06-05 15:35:55,576] [10] [INFO ] Request finished in 68.06ms 200 image/svg+xml
[2019-06-05 15:35:55,579] [11] [INFO ] Request finished in 54.187ms 200 text/css
[2019-06-05 15:35:55,590] [9] [INFO ] Sending file. Request path: '/lib/bootstrap/dist/css/bootstrap.css'. Physical path: 'I:\Work\PersonProject\Github\DemoTest\Middleware\wwwroot\lib\bootstrap\dist\css\bootstrap.css'
[2019-06-05 15:35:55,594] [9] [INFO ] Request finished in 93.8266ms 200 text/css
[2019-06-05 15:35:55,695] [11] [INFO ] Request starting HTTP/1.1 GET https://localhost:5001/lib/jquery/dist/jquery.js  
[2019-06-05 15:35:55,697] [10] [INFO ] Request starting HTTP/1.1 GET https://localhost:5001/lib/bootstrap/dist/js/bootstrap.js  
[2019-06-05 15:35:55,713] [9] [INFO ] Request starting HTTP/1.1 GET https://localhost:5001/js/site.js?v=4q1jwFhaPaZgr8WAUSrux6hAuh0XDg9kPS3xIVq36I0  
[2019-06-05 15:35:55,724] [10] [INFO ] Request starting HTTP/1.1 GET https://localhost:5001/images/banner3.svg  
[2019-06-05 15:35:55,738] [9] [INFO ] Sending file. Request path: '/js/site.js'. Physical path: 'I:\Work\PersonProject\Github\DemoTest\Middleware\wwwroot\js\site.js'
[2019-06-05 15:35:55,747] [9] [INFO ] Request finished in 43.6921ms 200 application/javascript
[2019-06-05 15:35:55,754] [7] [INFO ] Sending file. Request path: '/lib/bootstrap/dist/js/bootstrap.js'. Physical path: 'I:\Work\PersonProject\Github\DemoTest\Middleware\wwwroot\lib\bootstrap\dist\js\bootstrap.js'
[2019-06-05 15:35:55,761] [10] [INFO ] Sending file. Request path: '/images/banner3.svg'. Physical path: 'I:\Work\PersonProject\Github\DemoTest\Middleware\wwwroot\images\banner3.svg'
[2019-06-05 15:35:55,773] [7] [INFO ] Request finished in 60.6167ms 200 application/javascript
[2019-06-05 15:35:55,784] [10] [INFO ] Request finished in 49.7272ms 200 image/svg+xml
[2019-06-05 15:35:55,837] [9] [INFO ] Sending file. Request path: '/lib/jquery/dist/jquery.js'. Physical path: 'I:\Work\PersonProject\Github\DemoTest\Middleware\wwwroot\lib\jquery\dist\jquery.js'
[2019-06-05 15:35:55,847] [9] [INFO ] Request finished in 154.0405ms 200 application/javascript
[2019-06-05 15:35:55,854] [9] [INFO ] Request starting HTTP/1.1 GET https://localhost:5001/lib/bootstrap/dist/fonts/glyphicons-halflings-regular.woff2  
[2019-06-05 15:35:55,881] [9] [INFO ] Sending file. Request path: '/lib/bootstrap/dist/fonts/glyphicons-halflings-regular.woff2'. Physical path: 'I:\Work\PersonProject\Github\DemoTest\Middleware\wwwroot\lib\bootstrap\dist\fonts\glyphicons-halflings-regular.woff2'
[2019-06-05 15:35:55,890] [9] [INFO ] Request finished in 33.2472ms 200 font/woff2
